<?xml version="1.0" encoding="UTF-8"?>
<!-- Generated by org.testng.reporters.JUnitXMLReporter -->
<testsuite ignored="0" hostname="DESKTOP-1D6MK40" failures="1" tests="10" name="Test" time="4.451" errors="0" timestamp="2024-02-19T11:42:21 IST">
  <testcase classname="com.Test.LoginTest" name="ErrorText" time="0.31"/>
  <testcase classname="com.Test.LoginTest" name="SubmitText" time="0.022">
    <failure type="java.lang.AssertionError" message="The following asserts failed:
	expected [Login] but found []">
      <![CDATA[java.lang.AssertionError: The following asserts failed:
expected [Login] but found []
at com.Test.LoginTest.SubmitText(LoginTest.java:53)
at java.base/java.util.ArrayList.forEach(ArrayList.java:1596)
... Removed 27 stack frames]]>
    </failure>
  </testcase> <!-- SubmitText -->
  <testcase classname="com.Test.LoginTest" name="testlogin" time="0.23"/>
  <testcase classname="com.Test.HomePageTest" name="AddItemtest" time="0.05"/>
  <testcase classname="com.Test.HomePageTest" name="SideMenuTest" time="0.052"/>
  <testcase classname="com.Test.HomePageTest" name="linkedintest" time="0.072"/>
  <testcase classname="com.Test.HomePageTest" name="carttest" time="0.05"/>
  <testcase classname="com.Test.HomePageTest" name="facebooktest" time="0.057"/>
  <testcase classname="com.Test.HomePageTest" name="twittertest" time="0.055"/>
  <testcase classname="com.Test.HomePageTest" name="RemoveTest" time="0.037"/>
</testsuite> <!-- Test -->
